<?xml version="1.0" encoding="UTF-8"?>
<testsuite xmlns:xsi="http://www.w3.org/2001/XMLSchema-instance" xsi:noNamespaceSchemaLocation="https://maven.apache.org/surefire/maven-surefire-plugin/xsd/surefire-test-report.xsd" name="com.garanti.test.customerproject.CustomerprojectApplicationTests" time="0.816" tests="1" errors="0" skipped="1" failures="0">
  <properties>
    <property name="sun.desktop" value="windows"/>
    <property name="awt.toolkit" value="sun.awt.windows.WToolkit"/>
    <property name="file.encoding.pkg" value="sun.io"/>
    <property name="java.specification.version" value="1.8"/>
    <property name="sun.cpu.isalist" value="amd64"/>
    <property name="sun.jnu.encoding" value="Cp1254"/>
    <property name="java.class.path" value="C:\DEVEL\git_repo\java\customerproject\target\test-classes;C:\DEVEL\git_repo\java\customerproject\target\classes;C:\Devel\m2repo\org\springframework\boot\spring-boot-starter\2.1.9.RELEASE\spring-boot-starter-2.1.9.RELEASE.jar;C:\Devel\m2repo\org\springframework\boot\spring-boot\2.1.9.RELEASE\spring-boot-2.1.9.RELEASE.jar;C:\Devel\m2repo\org\springframework\spring-context\5.1.10.RELEASE\spring-context-5.1.10.RELEASE.jar;C:\Devel\m2repo\org\springframework\spring-aop\5.1.10.RELEASE\spring-aop-5.1.10.RELEASE.jar;C:\Devel\m2repo\org\springframework\spring-beans\5.1.10.RELEASE\spring-beans-5.1.10.RELEASE.jar;C:\Devel\m2repo\org\springframework\spring-expression\5.1.10.RELEASE\spring-expression-5.1.10.RELEASE.jar;C:\Devel\m2repo\org\springframework\boot\spring-boot-autoconfigure\2.1.9.RELEASE\spring-boot-autoconfigure-2.1.9.RELEASE.jar;C:\Devel\m2repo\org\springframework\boot\spring-boot-starter-logging\2.1.9.RELEASE\spring-boot-starter-logging-2.1.9.RELEASE.jar;C:\Devel\m2repo\ch\qos\logback\logback-classic\1.2.3\logback-classic-1.2.3.jar;C:\Devel\m2repo\ch\qos\logback\logback-core\1.2.3\logback-core-1.2.3.jar;C:\Devel\m2repo\org\apache\logging\log4j\log4j-to-slf4j\2.11.2\log4j-to-slf4j-2.11.2.jar;C:\Devel\m2repo\org\apache\logging\log4j\log4j-api\2.11.2\log4j-api-2.11.2.jar;C:\Devel\m2repo\org\slf4j\jul-to-slf4j\1.7.28\jul-to-slf4j-1.7.28.jar;C:\Devel\m2repo\javax\annotation\javax.annotation-api\1.3.2\javax.annotation-api-1.3.2.jar;C:\Devel\m2repo\org\springframework\spring-core\5.1.10.RELEASE\spring-core-5.1.10.RELEASE.jar;C:\Devel\m2repo\org\springframework\spring-jcl\5.1.10.RELEASE\spring-jcl-5.1.10.RELEASE.jar;C:\Devel\m2repo\org\yaml\snakeyaml\1.23\snakeyaml-1.23.jar;C:\Devel\m2repo\org\springframework\boot\spring-boot-starter-test\2.1.9.RELEASE\spring-boot-starter-test-2.1.9.RELEASE.jar;C:\Devel\m2repo\org\springframework\boot\spring-boot-test\2.1.9.RELEASE\spring-boot-test-2.1.9.RELEASE.jar;C:\Devel\m2repo\org\springframework\boot\spring-boot-test-autoconfigure\2.1.9.RELEASE\spring-boot-test-autoconfigure-2.1.9.RELEASE.jar;C:\Devel\m2repo\com\jayway\jsonpath\json-path\2.4.0\json-path-2.4.0.jar;C:\Devel\m2repo\net\minidev\json-smart\2.3\json-smart-2.3.jar;C:\Devel\m2repo\net\minidev\accessors-smart\1.2\accessors-smart-1.2.jar;C:\Devel\m2repo\org\ow2\asm\asm\5.0.4\asm-5.0.4.jar;C:\Devel\m2repo\org\slf4j\slf4j-api\1.7.28\slf4j-api-1.7.28.jar;C:\Devel\m2repo\junit\junit\4.12\junit-4.12.jar;C:\Devel\m2repo\org\assertj\assertj-core\3.11.1\assertj-core-3.11.1.jar;C:\Devel\m2repo\org\mockito\mockito-core\2.23.4\mockito-core-2.23.4.jar;C:\Devel\m2repo\net\bytebuddy\byte-buddy\1.9.16\byte-buddy-1.9.16.jar;C:\Devel\m2repo\net\bytebuddy\byte-buddy-agent\1.9.16\byte-buddy-agent-1.9.16.jar;C:\Devel\m2repo\org\objenesis\objenesis\2.6\objenesis-2.6.jar;C:\Devel\m2repo\org\hamcrest\hamcrest-core\1.3\hamcrest-core-1.3.jar;C:\Devel\m2repo\org\hamcrest\hamcrest-library\1.3\hamcrest-library-1.3.jar;C:\Devel\m2repo\org\skyscreamer\jsonassert\1.5.0\jsonassert-1.5.0.jar;C:\Devel\m2repo\com\vaadin\external\google\android-json\0.0.20131108.vaadin1\android-json-0.0.20131108.vaadin1.jar;C:\Devel\m2repo\org\springframework\spring-test\5.1.10.RELEASE\spring-test-5.1.10.RELEASE.jar;C:\Devel\m2repo\org\xmlunit\xmlunit-core\2.6.3\xmlunit-core-2.6.3.jar;C:\Devel\m2repo\com\github\davidmoten\big-sorter\0.1.9\big-sorter-0.1.9.jar;C:\Devel\m2repo\com\github\davidmoten\guava-mini\0.1.2\guava-mini-0.1.2.jar;"/>
    <property name="java.vm.vendor" value="Oracle Corporation"/>
    <property name="sun.arch.data.model" value="64"/>
    <property name="user.variant" value=""/>
    <property name="java.vendor.url" value="http://java.oracle.com/"/>
    <property name="user.timezone" value="Asia/Istanbul"/>
    <property name="user.country.format" value="TR"/>
    <property name="java.vm.specification.version" value="1.8"/>
    <property name="os.name" value="Windows 10"/>
    <property name="user.country" value="US"/>
    <property name="sun.java.launcher" value="SUN_STANDARD"/>
    <property name="sun.boot.library.path" value="C:\Program Files\Java\jdk1.8.0_161\jre\bin"/>
    <property name="sun.java.command" value="C:\Users\turkerge\AppData\Local\Temp\surefire4548501893862986305\surefirebooter1053135931369843601.jar C:\Users\turkerge\AppData\Local\Temp\surefire4548501893862986305 2019-10-09T15-50-32_015-jvmRun1 surefire2196432510800665486tmp surefire_04325409391995762862tmp"/>
    <property name="surefire.test.class.path" value="C:\DEVEL\git_repo\java\customerproject\target\test-classes;C:\DEVEL\git_repo\java\customerproject\target\classes;C:\Devel\m2repo\org\springframework\boot\spring-boot-starter\2.1.9.RELEASE\spring-boot-starter-2.1.9.RELEASE.jar;C:\Devel\m2repo\org\springframework\boot\spring-boot\2.1.9.RELEASE\spring-boot-2.1.9.RELEASE.jar;C:\Devel\m2repo\org\springframework\spring-context\5.1.10.RELEASE\spring-context-5.1.10.RELEASE.jar;C:\Devel\m2repo\org\springframework\spring-aop\5.1.10.RELEASE\spring-aop-5.1.10.RELEASE.jar;C:\Devel\m2repo\org\springframework\spring-beans\5.1.10.RELEASE\spring-beans-5.1.10.RELEASE.jar;C:\Devel\m2repo\org\springframework\spring-expression\5.1.10.RELEASE\spring-expression-5.1.10.RELEASE.jar;C:\Devel\m2repo\org\springframework\boot\spring-boot-autoconfigure\2.1.9.RELEASE\spring-boot-autoconfigure-2.1.9.RELEASE.jar;C:\Devel\m2repo\org\springframework\boot\spring-boot-starter-logging\2.1.9.RELEASE\spring-boot-starter-logging-2.1.9.RELEASE.jar;C:\Devel\m2repo\ch\qos\logback\logback-classic\1.2.3\logback-classic-1.2.3.jar;C:\Devel\m2repo\ch\qos\logback\logback-core\1.2.3\logback-core-1.2.3.jar;C:\Devel\m2repo\org\apache\logging\log4j\log4j-to-slf4j\2.11.2\log4j-to-slf4j-2.11.2.jar;C:\Devel\m2repo\org\apache\logging\log4j\log4j-api\2.11.2\log4j-api-2.11.2.jar;C:\Devel\m2repo\org\slf4j\jul-to-slf4j\1.7.28\jul-to-slf4j-1.7.28.jar;C:\Devel\m2repo\javax\annotation\javax.annotation-api\1.3.2\javax.annotation-api-1.3.2.jar;C:\Devel\m2repo\org\springframework\spring-core\5.1.10.RELEASE\spring-core-5.1.10.RELEASE.jar;C:\Devel\m2repo\org\springframework\spring-jcl\5.1.10.RELEASE\spring-jcl-5.1.10.RELEASE.jar;C:\Devel\m2repo\org\yaml\snakeyaml\1.23\snakeyaml-1.23.jar;C:\Devel\m2repo\org\springframework\boot\spring-boot-starter-test\2.1.9.RELEASE\spring-boot-starter-test-2.1.9.RELEASE.jar;C:\Devel\m2repo\org\springframework\boot\spring-boot-test\2.1.9.RELEASE\spring-boot-test-2.1.9.RELEASE.jar;C:\Devel\m2repo\org\springframework\boot\spring-boot-test-autoconfigure\2.1.9.RELEASE\spring-boot-test-autoconfigure-2.1.9.RELEASE.jar;C:\Devel\m2repo\com\jayway\jsonpath\json-path\2.4.0\json-path-2.4.0.jar;C:\Devel\m2repo\net\minidev\json-smart\2.3\json-smart-2.3.jar;C:\Devel\m2repo\net\minidev\accessors-smart\1.2\accessors-smart-1.2.jar;C:\Devel\m2repo\org\ow2\asm\asm\5.0.4\asm-5.0.4.jar;C:\Devel\m2repo\org\slf4j\slf4j-api\1.7.28\slf4j-api-1.7.28.jar;C:\Devel\m2repo\junit\junit\4.12\junit-4.12.jar;C:\Devel\m2repo\org\assertj\assertj-core\3.11.1\assertj-core-3.11.1.jar;C:\Devel\m2repo\org\mockito\mockito-core\2.23.4\mockito-core-2.23.4.jar;C:\Devel\m2repo\net\bytebuddy\byte-buddy\1.9.16\byte-buddy-1.9.16.jar;C:\Devel\m2repo\net\bytebuddy\byte-buddy-agent\1.9.16\byte-buddy-agent-1.9.16.jar;C:\Devel\m2repo\org\objenesis\objenesis\2.6\objenesis-2.6.jar;C:\Devel\m2repo\org\hamcrest\hamcrest-core\1.3\hamcrest-core-1.3.jar;C:\Devel\m2repo\org\hamcrest\hamcrest-library\1.3\hamcrest-library-1.3.jar;C:\Devel\m2repo\org\skyscreamer\jsonassert\1.5.0\jsonassert-1.5.0.jar;C:\Devel\m2repo\com\vaadin\external\google\android-json\0.0.20131108.vaadin1\android-json-0.0.20131108.vaadin1.jar;C:\Devel\m2repo\org\springframework\spring-test\5.1.10.RELEASE\spring-test-5.1.10.RELEASE.jar;C:\Devel\m2repo\org\xmlunit\xmlunit-core\2.6.3\xmlunit-core-2.6.3.jar;C:\Devel\m2repo\com\github\davidmoten\big-sorter\0.1.9\big-sorter-0.1.9.jar;C:\Devel\m2repo\com\github\davidmoten\guava-mini\0.1.2\guava-mini-0.1.2.jar;"/>
    <property name="sun.cpu.endian" value="little"/>
    <property name="user.home" value="C:\Users\turkerge"/>
    <property name="user.language" value="en"/>
    <property name="java.specification.vendor" value="Oracle Corporation"/>
    <property name="java.home" value="C:\Program Files\Java\jdk1.8.0_161\jre"/>
    <property name="basedir" value="C:\DEVEL\git_repo\java\customerproject"/>
    <property name="file.separator" value="\"/>
    <property name="line.separator" value="&#10;"/>
    <property name="java.vm.specification.vendor" value="Oracle Corporation"/>
    <property name="java.specification.name" value="Java Platform API Specification"/>
    <property name="java.awt.graphicsenv" value="sun.awt.Win32GraphicsEnvironment"/>
    <property name="surefire.real.class.path" value="C:\Users\turkerge\AppData\Local\Temp\surefire4548501893862986305\surefirebooter1053135931369843601.jar"/>
    <property name="sun.boot.class.path" value="C:\Program Files\Java\jdk1.8.0_161\jre\lib\resources.jar;C:\Program Files\Java\jdk1.8.0_161\jre\lib\rt.jar;C:\Program Files\Java\jdk1.8.0_161\jre\lib\sunrsasign.jar;C:\Program Files\Java\jdk1.8.0_161\jre\lib\jsse.jar;C:\Program Files\Java\jdk1.8.0_161\jre\lib\jce.jar;C:\Program Files\Java\jdk1.8.0_161\jre\lib\charsets.jar;C:\Program Files\Java\jdk1.8.0_161\jre\lib\jfr.jar;C:\Program Files\Java\jdk1.8.0_161\jre\classes"/>
    <property name="user.script" value=""/>
    <property name="sun.management.compiler" value="HotSpot 64-Bit Tiered Compilers"/>
    <property name="java.runtime.version" value="1.8.0_161-b12"/>
    <property name="user.name" value="TurkerGe"/>
    <property name="path.separator" value=";"/>
    <property name="os.version" value="10.0"/>
    <property name="java.endorsed.dirs" value="C:\Program Files\Java\jdk1.8.0_161\jre\lib\endorsed"/>
    <property name="java.runtime.name" value="Java(TM) SE Runtime Environment"/>
    <property name="file.encoding" value="Cp1254"/>
    <property name="java.vm.name" value="Java HotSpot(TM) 64-Bit Server VM"/>
    <property name="localRepository" value="C:\Devel\m2repo"/>
    <property name="java.vendor.url.bug" value="http://bugreport.sun.com/bugreport/"/>
    <property name="java.io.tmpdir" value="C:\Users\turkerge\AppData\Local\Temp\"/>
    <property name="java.version" value="1.8.0_161"/>
    <property name="user.dir" value="C:\DEVEL\git_repo\java\customerproject"/>
    <property name="os.arch" value="amd64"/>
    <property name="java.vm.specification.name" value="Java Virtual Machine Specification"/>
    <property name="java.awt.printerjob" value="sun.awt.windows.WPrinterJob"/>
    <property name="user.language.format" value="tr"/>
    <property name="sun.os.patch.level" value=""/>
    <property name="java.library.path" value="C:\Program Files\Java\jdk1.8.0_161\jre\bin;C:\Windows\Sun\Java\bin;C:\Windows\system32;C:\Windows;C:\ProgramData\DockerDesktop\version-bin;C:\Program Files\Docker\Docker\Resources\bin;C:\DEVEL\Code;C:\Program Files\Python37\Scripts\;C:\Program Files\Python37\;C:\Windows\system32;C:\Windows;C:\Windows\System32\Wbem;C:\Windows\System32\WindowsPowerShell\v1.0\;C:\Windows\AdmTools\SysInternals;C:\GT.Applications\GTGina;C:\Program Files\Git\cmd;C:\Program Files\Apache Software Foundation\apache-maven-3.5.3\bin;C:\Program Files\Java\jdk1.8.0_161\bin;C:\Program Files\nodejs\;C:\Program Files\VanDyke Software\Clients\;C:\Program Files (x86)\Microsoft SQL Server\Client SDK\ODBC\130\Tools\Binn\;C:\Program Files (x86)\Microsoft SQL Server\140\Tools\Binn\;C:\Program Files (x86)\Microsoft SQL Server\140\DTS\Binn\;C:\Program Files (x86)\Microsoft SQL Server\140\Tools\Binn\ManagementStudio\;C:\Program Files\dotnet\;C:\Program Files\Microsoft SQL Server\130\Tools\Binn\;C:\Program Files (x86)\Windows Kits\10\Windows Performance Toolkit\;C:\GEN80\Gen\VS80\;C:\GEN80\Client\;C:\GEN80\Gen\;C:\GEN80\;C:\Program Files (x86)\Sennheiser\SoftphoneSDK\;C:\Users\turkerge\AppData\Local\Microsoft\WindowsApps;C:\GEN76\Gen\;C:\GEN76\Client\;C:\GEN76\;S:\GT.Applications\CG76\Apps\GAR\ALL\RUNTIME;S:\GT.Applications\CG76\Apps\ORT\ALL\RUNTIME;S:\GT.Applications\CG76\Apps\GAR\ALL\Local;S:\GT.Applications\CG76\Apps\ORT\ALL\Local;C:\Users\turkerge\AppData\Local\atom\bin;."/>
    <property name="java.vm.info" value="mixed mode"/>
    <property name="java.vendor" value="Oracle Corporation"/>
    <property name="java.vm.version" value="25.161-b12"/>
    <property name="java.ext.dirs" value="C:\Program Files\Java\jdk1.8.0_161\jre\lib\ext;C:\Windows\Sun\Java\lib\ext"/>
    <property name="sun.io.unicode.encoding" value="UnicodeLittle"/>
    <property name="java.class.version" value="52.0"/>
  </properties>
  <testcase name="contextLoads" classname="com.garanti.test.customerproject.CustomerprojectApplicationTests" time="0">
    <skipped/>
    <system-out><![CDATA[15:50:33.631 [main] DEBUG org.springframework.test.context.junit4.SpringJUnit4ClassRunner - SpringJUnit4ClassRunner constructor called with [class com.garanti.test.customerproject.CustomerprojectApplicationTests]
15:50:33.638 [main] DEBUG org.springframework.test.context.BootstrapUtils - Instantiating CacheAwareContextLoaderDelegate from class [org.springframework.test.context.cache.DefaultCacheAwareContextLoaderDelegate]
15:50:33.655 [main] DEBUG org.springframework.test.context.BootstrapUtils - Instantiating BootstrapContext using constructor [public org.springframework.test.context.support.DefaultBootstrapContext(java.lang.Class,org.springframework.test.context.CacheAwareContextLoaderDelegate)]
15:50:33.684 [main] DEBUG org.springframework.test.context.BootstrapUtils - Instantiating TestContextBootstrapper for test class [com.garanti.test.customerproject.CustomerprojectApplicationTests] from class [org.springframework.boot.test.context.SpringBootTestContextBootstrapper]
15:50:33.709 [main] INFO org.springframework.boot.test.context.SpringBootTestContextBootstrapper - Neither @ContextConfiguration nor @ContextHierarchy found for test class [com.garanti.test.customerproject.CustomerprojectApplicationTests], using SpringBootContextLoader
15:50:33.713 [main] DEBUG org.springframework.test.context.support.AbstractContextLoader - Did not detect default resource location for test class [com.garanti.test.customerproject.CustomerprojectApplicationTests]: class path resource [com/garanti/test/customerproject/CustomerprojectApplicationTests-context.xml] does not exist
15:50:33.713 [main] DEBUG org.springframework.test.context.support.AbstractContextLoader - Did not detect default resource location for test class [com.garanti.test.customerproject.CustomerprojectApplicationTests]: class path resource [com/garanti/test/customerproject/CustomerprojectApplicationTestsContext.groovy] does not exist
15:50:33.714 [main] INFO org.springframework.test.context.support.AbstractContextLoader - Could not detect default resource locations for test class [com.garanti.test.customerproject.CustomerprojectApplicationTests]: no resource found for suffixes {-context.xml, Context.groovy}.
15:50:33.714 [main] INFO org.springframework.test.context.support.AnnotationConfigContextLoaderUtils - Could not detect default configuration classes for test class [com.garanti.test.customerproject.CustomerprojectApplicationTests]: CustomerprojectApplicationTests does not declare any static, non-private, non-final, nested classes annotated with @Configuration.
15:50:33.788 [main] DEBUG org.springframework.test.context.support.ActiveProfilesUtils - Could not find an 'annotation declaring class' for annotation type [org.springframework.test.context.ActiveProfiles] and class [com.garanti.test.customerproject.CustomerprojectApplicationTests]
15:50:33.901 [main] DEBUG org.springframework.context.annotation.ClassPathScanningCandidateComponentProvider - Identified candidate component class: file [C:\DEVEL\git_repo\java\customerproject\target\classes\com\garanti\test\customerproject\CustomerprojectApplication.class]
15:50:33.903 [main] INFO org.springframework.boot.test.context.SpringBootTestContextBootstrapper - Found @SpringBootConfiguration com.garanti.test.customerproject.CustomerprojectApplication for test class com.garanti.test.customerproject.CustomerprojectApplicationTests
15:50:34.030 [main] DEBUG org.springframework.boot.test.context.SpringBootTestContextBootstrapper - @TestExecutionListeners is not present for class [com.garanti.test.customerproject.CustomerprojectApplicationTests]: using defaults.
15:50:34.031 [main] INFO org.springframework.boot.test.context.SpringBootTestContextBootstrapper - Loaded default TestExecutionListener class names from location [META-INF/spring.factories]: [org.springframework.boot.test.mock.mockito.MockitoTestExecutionListener, org.springframework.boot.test.mock.mockito.ResetMocksTestExecutionListener, org.springframework.boot.test.autoconfigure.restdocs.RestDocsTestExecutionListener, org.springframework.boot.test.autoconfigure.web.client.MockRestServiceServerResetTestExecutionListener, org.springframework.boot.test.autoconfigure.web.servlet.MockMvcPrintOnlyOnFailureTestExecutionListener, org.springframework.boot.test.autoconfigure.web.servlet.WebDriverTestExecutionListener, org.springframework.test.context.web.ServletTestExecutionListener, org.springframework.test.context.support.DirtiesContextBeforeModesTestExecutionListener, org.springframework.test.context.support.DependencyInjectionTestExecutionListener, org.springframework.test.context.support.DirtiesContextTestExecutionListener, org.springframework.test.context.transaction.TransactionalTestExecutionListener, org.springframework.test.context.jdbc.SqlScriptsTestExecutionListener]
15:50:34.059 [main] DEBUG org.springframework.boot.test.context.SpringBootTestContextBootstrapper - Skipping candidate TestExecutionListener [org.springframework.test.context.web.ServletTestExecutionListener] due to a missing dependency. Specify custom listener classes or make the default listener classes and their required dependencies available. Offending class: [javax/servlet/ServletContext]
15:50:34.062 [main] DEBUG org.springframework.boot.test.context.SpringBootTestContextBootstrapper - Skipping candidate TestExecutionListener [org.springframework.test.context.transaction.TransactionalTestExecutionListener] due to a missing dependency. Specify custom listener classes or make the default listener classes and their required dependencies available. Offending class: [org/springframework/transaction/interceptor/TransactionAttributeSource]
15:50:34.063 [main] DEBUG org.springframework.boot.test.context.SpringBootTestContextBootstrapper - Skipping candidate TestExecutionListener [org.springframework.test.context.jdbc.SqlScriptsTestExecutionListener] due to a missing dependency. Specify custom listener classes or make the default listener classes and their required dependencies available. Offending class: [org/springframework/transaction/interceptor/TransactionAttribute]
15:50:34.063 [main] INFO org.springframework.boot.test.context.SpringBootTestContextBootstrapper - Using TestExecutionListeners: [org.springframework.test.context.support.DirtiesContextBeforeModesTestExecutionListener@6aba2b86, org.springframework.boot.test.mock.mockito.MockitoTestExecutionListener@158da8e, org.springframework.boot.test.autoconfigure.SpringBootDependencyInjectionTestExecutionListener@74e52303, org.springframework.test.context.support.DirtiesContextTestExecutionListener@47af7f3d, org.springframework.boot.test.mock.mockito.ResetMocksTestExecutionListener@7c729a55, org.springframework.boot.test.autoconfigure.restdocs.RestDocsTestExecutionListener@3bb9a3ff, org.springframework.boot.test.autoconfigure.web.client.MockRestServiceServerResetTestExecutionListener@661972b0, org.springframework.boot.test.autoconfigure.web.servlet.MockMvcPrintOnlyOnFailureTestExecutionListener@5af3afd9, org.springframework.boot.test.autoconfigure.web.servlet.WebDriverTestExecutionListener@323b36e0]
15:50:34.067 [main] DEBUG org.springframework.test.annotation.ProfileValueUtils - Retrieved @ProfileValueSourceConfiguration [null] for test class [com.garanti.test.customerproject.CustomerprojectApplicationTests]
15:50:34.068 [main] DEBUG org.springframework.test.annotation.ProfileValueUtils - Retrieved ProfileValueSource type [class org.springframework.test.annotation.SystemProfileValueSource] for class [com.garanti.test.customerproject.CustomerprojectApplicationTests]
15:50:34.069 [main] DEBUG org.springframework.test.annotation.ProfileValueUtils - Retrieved @ProfileValueSourceConfiguration [null] for test class [com.garanti.test.customerproject.CustomerprojectApplicationTests]
15:50:34.069 [main] DEBUG org.springframework.test.annotation.ProfileValueUtils - Retrieved ProfileValueSource type [class org.springframework.test.annotation.SystemProfileValueSource] for class [com.garanti.test.customerproject.CustomerprojectApplicationTests]
15:50:34.069 [main] DEBUG org.springframework.test.annotation.ProfileValueUtils - Retrieved @ProfileValueSourceConfiguration [null] for test class [com.garanti.test.customerproject.CustomerprojectApplicationTests]
15:50:34.070 [main] DEBUG org.springframework.test.annotation.ProfileValueUtils - Retrieved ProfileValueSource type [class org.springframework.test.annotation.SystemProfileValueSource] for class [com.garanti.test.customerproject.CustomerprojectApplicationTests]
]]></system-out>
  </testcase>
</testsuite>